{"level":"info","message":{"encoding":"7bit","fieldname":"avatar","mimetype":"image/png","originalname":"aaaaaaa"}}
{"level":"info","message":{"encoding":"7bit","fieldname":"avatar","mimetype":"image/jpeg","originalname":"jbjsbs"}}
{"level":"info","message":"Listening on port 3005"}
{"level":"info","message":"Listening on port 3005"}
{"level":"info","message":"Listening on port 3005"}
{"level":"info","message":"Listening on port 3005"}
{"level":"info","message":"Listening on port 3005"}
{"level":"info","message":"Listening on port 3005"}
{"level":"info","message":{"encoding":"7bit","fieldname":"avatar","mimetype":"image/jpeg","originalname":"jwdfpw"}}
{"level":"info","message":"Listening on port 3005"}
{"level":"info","message":"Listening on port 3005"}
{"level":"info","message":{"encoding":"7bit","fieldname":"avatar","mimetype":"image/jpeg","originalname":"ddddddd"}}
{"level":"info","message":"Listening on port 3005"}
{"level":"info","message":"Listening on port 3005"}
{"level":"info","message":"Listening on port 3005"}
{"level":"info","message":"Listening on port 3005"}
{"level":"info","message":"Listening on port 3005"}
{"level":"info","message":{"encoding":"7bit","fieldname":"avatar","mimetype":"image/jpeg","originalname":"jjjjjjj"}}
{"level":"info","message":"Listening on port 3005"}
{"level":"info","message":"Listening on port 3005"}
{"level":"info","message":"Listening on port 3005"}
{"level":"info","message":"Listening on port 3005"}
{"level":"info","message":"Listening on port 3005"}
{"level":"info","message":"Listening on port 3005"}
{"level":"info","message":"Listening on port 3005"}
{"level":"info","message":"Listening on port 3005"}
{"level":"info","message":"Listening on port 3005"}
{"level":"info","message":"Listening on port 3005"}
{"level":"info","message":"Listening on port 3005"}
{"level":"info","message":"Listening on port 3005"}
{"level":"info","message":"Listening on port 3005"}
{"level":"info","message":"Listening on port 3005"}
{"level":"info","message":"Listening on port 3005"}
{"level":"info","message":"Listening on port 3005"}
{"level":"info","message":"Listening on port 3005"}
{"level":"info","message":"Listening on port 3005"}
{"level":"info","message":"Listening on port 3005"}
{"level":"info","message":"Listening on port 3005"}
{"level":"info","message":{"encoding":"7bit","fieldname":"avatar","mimetype":"image/png","originalname":"jiosadbfil"}}
